


ARM Macro Assembler    Page 1 


    1 00000000 400FE608 
                       SYSCRTL_RCGCGPIO_R
                               EQU              0x400FE608  ;+offset 0x608
    2 00000000 40025400 
                       GPIO_PORTF_DIR_R
                               EQU              0x40025400  ;+offset 0x400
    3 00000000 4002551C 
                       GPIO_PROTF_DEN_R
                               EQU              0x4002551C  ;+offset 0x51c
    4 00000000 400253FC 
                       GPIO_PORTF_DATA_R
                               EQU              0x400253fC  ;+offset 0x3fc
    5 00000000         
    6 00000000 40025510 
                       GPIO_PORTF_PUR_R
                               EQU              0x40025510  ;+offset 0x510
    7 00000000         
    8 00000000 40025520 
                       GPIO_LOCK_R
                               EQU              0x40025520  ;+offset 0x3fc
    9 00000000 4C4F434B 
                       GPIO_LOCK_KEY
                               EQU              0x4C4F434B  ;
   10 00000000 40025524 
                       GPIO_OCR_R
                               EQU              0x40025524
   11 00000000         
   12 00000000 40025004 
                       GPIO_PORTF_SW2_DATA_R
                               EQU              0x40025004  ;Find THE DATA ADDR
                                                            ESS!!!!!!!!!!!!!!!!
                                                            !!!!!!!!!!!!!!!
   13 00000000 40025040 
                       GPIO_PORTF_SW1_DATA_R
                               EQU              0x40025040
   14 00000000         
   15 00000000                 AREA             |.text|, CODE, READONLY, ALIGN=
2
   16 00000000                 THUMB
   17 00000000                 EXPORT           GPIOF_Init
   18 00000000                 EXPORT           RED_LED_OFF
   19 00000000                 EXPORT           RED_LED_ON
   20 00000000                 EXPORT           CHECK_SW2
   21 00000000         ;new export sw1
   22 00000000                 EXPORT           CHECK_SW1
   23 00000000         
   24 00000000         GPIOF_Init
   25 00000000 B500            PUSH             {LR}        ; save current valu
                                                            e of LR
   26 00000002         ;Enable Clock Port F(0-4)- by default the clock is disab
                       led on the GPIO for energy saving
   27 00000002 4916            LDR              R1,=SYSCRTL_RCGCGPIO_R
   28 00000004 6808            LDR              R0,[R1]
   29 00000006 F040 0020       ORR              R0,R0,#0x20 ;Bitwise OR, to not
                                                             overide the existi
                                                            ng values
   30 0000000A 6008            STR              R0,[R1]
   31 0000000C         
   32 0000000C         ;Unlock and enable SW#



ARM Macro Assembler    Page 2 


   33 0000000C         ;IMPORTANT- READ "10.4 Register Map" (page 658) followd 
                       by (GPIOLOCK) page 668 to unlock (GPIOCR) 
   34 0000000C 4914            LDR              R1,=GPIO_LOCK_R 
                                                            ;(GPIOLOCK) address
                                                            
   35 0000000E 4815            LDR              R0,=GPIO_LOCK_KEY ;from datashe
                                                            et 0x4C4F434B
   36 00000010 6008            STR              R0,[R1]
   37 00000012         
   38 00000012         ;READ (GPIOCR) (page 685) - Enables to configure (GPIOAF
                       SEL, GPIOPUR, GPIOPDR, and GPIODEN) at coresponding pins
                       
   39 00000012 4915            LDR              R1,=GPIO_OCR_R
   40 00000014 F04F 0001       MOV              R0,#0x01
   41 00000018 6008            STR              R0,[R1]
   42 0000001A         
   43 0000001A         ;Set input/output - PF1(output,ledR),PF0(input,switch)
   44 0000001A 4914            LDR              R1,=GPIO_PORTF_DIR_R
   45 0000001C F04F 0002       MOV              R0,#0x02
   46 00000020 6008            STR              R0,[R1]
   47 00000022         
   48 00000022         ;Set the PORTF to operate as (digital)/not digital PF0,1
                       ,4(sw2,led_r,sw1)
   49 00000022 4913            LDR              R1,=GPIO_PROTF_DEN_R
   50 00000024 F04F 0013       MOV              R0,#0x13
   51 00000028 6008            STR              R0,[R1]
   52 0000002A         
   53 0000002A         ;Set pullup on sw2 ----- NEW for sw1 -------------------
                       -----------------------------------
   54 0000002A 4912            LDR              R1,=GPIO_PORTF_PUR_R
   55 0000002C F04F 0010       MOV              R0,#0x10
   56 00000030 6008            STR              R0,[R1]
   57 00000032         
   58 00000032 BD00            POP              {PC}        ; restore previous 
                                                            value of LR into PC
                                                             (return)
   59 00000034         
   60 00000034         RED_LED_ON
   61 00000034 B500            PUSH             {LR}        ; save current valu
                                                            e of LR
   62 00000036 4910            LDR              R1,=GPIO_PORTF_DATA_R
   63 00000038 F04F 0002       MOV              R0,#0x02
   64 0000003C 6008            STR              R0,[R1]
   65 0000003E         ;B loop
   66 0000003E BD00            POP              {PC}        ; restore previous 
                                                            value of LR into PC
                                                             (return)
   67 00000040         
   68 00000040         RED_LED_OFF
   69 00000040 B500            PUSH             {LR}        ; save current valu
                                                            e of LR
   70 00000042 490D            LDR              R1,=GPIO_PORTF_DATA_R
   71 00000044 F04F 0000       MOV              R0,#0x00
   72 00000048 6008            STR              R0,[R1]
   73 0000004A         ;B loop
   74 0000004A BD00            POP              {PC}        ; restore previous 
                                                            value of LR into PC
                                                             (return)
   75 0000004C         



ARM Macro Assembler    Page 3 


   76 0000004C         CHECK_SW2
   77 0000004C B500            PUSH             {LR}        ; save current valu
                                                            e of LR
   78 0000004E 490B            LDR              R1,=GPIO_PORTF_SW2_DATA_R ;Get 
                                                            SW data address
   79 00000050 680D            LDR              R5,[R1]     ;Get SW data 
   80 00000052 BD00            POP              {PC}        ; restore previous 
                                                            value of LR into PC
                                                             (return) 
   81 00000054         
   82 00000054         CHECK_SW1                            ;------------------
                                                            -------------------
                                                            -------------------
                                                            -----------
   83 00000054 B500            PUSH             {LR}        ; save current valu
                                                            e of LR
   84 00000056 490A            LDR              R1,=GPIO_PORTF_SW1_DATA_R ;Get 
                                                            SW data address
   85 00000058 680E            LDR              R6,[R1]     ;Get SW data 
   86 0000005A BD00            POP              {PC}        ; restore previous 
                                                            value of LR into PC
                                                             (return) 
   87 0000005C         
   88 0000005C                 ALIGN                        ; make sure the end
                                                             of this section is
                                                             aligned
   89 0000005C                 END                          ; end of file
              400FE608 
              40025520 
              4C4F434B 
              40025524 
              40025400 
              4002551C 
              40025510 
              400253FC 
              40025004 
              40025040 
Command Line: --debug --xref --diag_suppress=9931 --cpu=Cortex-M4.fp --apcs=int
erwork --depend=.\objects\portfconfiguration.d -o.\objects\portfconfiguration.o
 -I.\RTE\_Target_1 -IC:\Keil_v5\ARM\PACK\ARM\CMSIS\5.0.1\CMSIS\Include -IC:\Kei
l_v5\ARM\PACK\Keil\TM4C_DFP\1.1.0\Device\Include\TM4C123 --predefine="__EVAL SE
TA 1" --predefine="__UVISION_VERSION SETA 523" --predefine="_RTE_ SETA 1" --pre
define="TM4C123GH6PM SETA 1" --list=.\listings\portfconfiguration.lst portFConf
iguration.s



ARM Macro Assembler    Page 1 Alphabetic symbol ordering
Relocatable symbols

.text 00000000

Symbol: .text
   Definitions
      At line 15 in file portFConfiguration.s
   Uses
      None
Comment: .text unused
CHECK_SW1 00000054

Symbol: CHECK_SW1
   Definitions
      At line 82 in file portFConfiguration.s
   Uses
      At line 22 in file portFConfiguration.s
Comment: CHECK_SW1 used once
CHECK_SW2 0000004C

Symbol: CHECK_SW2
   Definitions
      At line 76 in file portFConfiguration.s
   Uses
      At line 20 in file portFConfiguration.s
Comment: CHECK_SW2 used once
GPIOF_Init 00000000

Symbol: GPIOF_Init
   Definitions
      At line 24 in file portFConfiguration.s
   Uses
      At line 17 in file portFConfiguration.s
Comment: GPIOF_Init used once
RED_LED_OFF 00000040

Symbol: RED_LED_OFF
   Definitions
      At line 68 in file portFConfiguration.s
   Uses
      At line 18 in file portFConfiguration.s
Comment: RED_LED_OFF used once
RED_LED_ON 00000034

Symbol: RED_LED_ON
   Definitions
      At line 60 in file portFConfiguration.s
   Uses
      At line 19 in file portFConfiguration.s
Comment: RED_LED_ON used once
6 symbols



ARM Macro Assembler    Page 1 Alphabetic symbol ordering
Absolute symbols

GPIO_LOCK_KEY 4C4F434B

Symbol: GPIO_LOCK_KEY
   Definitions
      At line 9 in file portFConfiguration.s
   Uses
      At line 35 in file portFConfiguration.s
Comment: GPIO_LOCK_KEY used once
GPIO_LOCK_R 40025520

Symbol: GPIO_LOCK_R
   Definitions
      At line 8 in file portFConfiguration.s
   Uses
      At line 34 in file portFConfiguration.s
Comment: GPIO_LOCK_R used once
GPIO_OCR_R 40025524

Symbol: GPIO_OCR_R
   Definitions
      At line 10 in file portFConfiguration.s
   Uses
      At line 39 in file portFConfiguration.s
Comment: GPIO_OCR_R used once
GPIO_PORTF_DATA_R 400253FC

Symbol: GPIO_PORTF_DATA_R
   Definitions
      At line 4 in file portFConfiguration.s
   Uses
      At line 62 in file portFConfiguration.s
      At line 70 in file portFConfiguration.s

GPIO_PORTF_DIR_R 40025400

Symbol: GPIO_PORTF_DIR_R
   Definitions
      At line 2 in file portFConfiguration.s
   Uses
      At line 44 in file portFConfiguration.s
Comment: GPIO_PORTF_DIR_R used once
GPIO_PORTF_PUR_R 40025510

Symbol: GPIO_PORTF_PUR_R
   Definitions
      At line 6 in file portFConfiguration.s
   Uses
      At line 54 in file portFConfiguration.s
Comment: GPIO_PORTF_PUR_R used once
GPIO_PORTF_SW1_DATA_R 40025040

Symbol: GPIO_PORTF_SW1_DATA_R
   Definitions
      At line 13 in file portFConfiguration.s
   Uses
      At line 84 in file portFConfiguration.s
Comment: GPIO_PORTF_SW1_DATA_R used once
GPIO_PORTF_SW2_DATA_R 40025004




ARM Macro Assembler    Page 2 Alphabetic symbol ordering
Absolute symbols

Symbol: GPIO_PORTF_SW2_DATA_R
   Definitions
      At line 12 in file portFConfiguration.s
   Uses
      At line 78 in file portFConfiguration.s
Comment: GPIO_PORTF_SW2_DATA_R used once
GPIO_PROTF_DEN_R 4002551C

Symbol: GPIO_PROTF_DEN_R
   Definitions
      At line 3 in file portFConfiguration.s
   Uses
      At line 49 in file portFConfiguration.s
Comment: GPIO_PROTF_DEN_R used once
SYSCRTL_RCGCGPIO_R 400FE608

Symbol: SYSCRTL_RCGCGPIO_R
   Definitions
      At line 1 in file portFConfiguration.s
   Uses
      At line 27 in file portFConfiguration.s
Comment: SYSCRTL_RCGCGPIO_R used once
10 symbols
353 symbols in table
